<?xml version="1.0" encoding="UTF-8"?>
<!-- Generated by org.testng.reporters.JUnitReportReporter -->
<testsuite hostname="TNL71949376-B" failures="0" tests="1" name="newpackage.homePageTest" time="9.186" errors="0" timestamp="2024-05-25T01:07:26 IST" skipped="0">
  <testcase classname="newpackage.homePageTest" name="testAmountSorting" time="9.186"/>
  <system-out/>
</testsuite> <!-- newpackage.homePageTest -->
