<?xml version="1.0" encoding="UTF-8"?>
<!-- Generated by org.testng.reporters.JUnitReportReporter -->
<testsuite hostname="TNL71949376-B" failures="0" tests="4" name="newpackage.LoginTest" time="31.423" errors="0" timestamp="2024-05-25T01:06:18 IST" skipped="0">
  <testcase classname="newpackage.LoginTest" name="testEmptyPassword" time="8.019"/>
  <system-out/>
  <testcase classname="newpackage.LoginTest" name="testEmptyUsernameAndPassword" time="7.565"/>
  <system-out/>
  <testcase classname="newpackage.LoginTest" name="testEmptyUsername" time="8.062"/>
  <system-out/>
  <testcase classname="newpackage.LoginTest" name="testValidLogin" time="7.777"/>
  <system-out/>
</testsuite> <!-- newpackage.LoginTest -->
